2024-05-16 17:52:04:524 [32minfo[39m: [32mServer is running on port 3000[39m
2024-05-16 17:52:07:527 [32minfo[39m: [32mServer is running on port 3000[39m
2024-05-16 17:53:32:5332 [32minfo[39m: [32mServer is running on port 3000[39m
2024-05-16 17:53:42:5342 [32minfo[39m: [32mServer is running on port 3000[39m
2024-05-16 17:53:42:5342 [32minfo[39m: [32mBerhasil terhubung ke database mongoDB[39m
2024-05-16 17:54:27:5427 [32minfo[39m: [32mServer is running on port 3000[39m
2024-05-16 17:54:27:5427 [32minfo[39m: [32mBerhasil terhubung ke database mongoDB[39m
2024-05-16 17:54:49:5449 [32minfo[39m: [32mServer is running on port 3000[39m
2024-05-16 17:54:49:5449 [32minfo[39m: [32mBerhasil terhubung ke database mongoDB[39m
2024-05-16 18:02:06:26 [32minfo[39m: [32mServer is running on port 3000[39m
2024-05-16 18:02:07:27 [32minfo[39m: [32mBerhasil terhubung ke database mongoDB[39m
2024-05-16 18:03:06:36 [32minfo[39m: [32mServer is running on port 3000[39m
2024-05-16 18:03:06:36 [32minfo[39m: [32mBerhasil terhubung ke database mongoDB[39m
2024-05-16 18:03:17:317 [32minfo[39m: [32mServer is running on port 3000[39m
2024-05-16 18:03:17:317 [32minfo[39m: [32mBerhasil terhubung ke database mongoDB[39m
2024-05-16 18:07:13:713 [32minfo[39m: [32mServer is running on port 3000[39m
2024-05-16 18:07:13:713 [32minfo[39m: [32mBerhasil terhubung ke database mongoDB[39m
2024-05-16 18:07:40:740 [32minfo[39m: [32mServer is running on port 3000[39m
2024-05-16 18:07:40:740 [32minfo[39m: [32mBerhasil terhubung ke database mongoDB[39m
2024-05-16 18:16:22:1622 [31merror[39m: [31mEmail tidak terdaftar.[39m
2024-05-16 18:16:22:1622 [31merror[39m: [31mEmail tidak terdaftar.[39m
2024-05-16 18:16:42:1642 [32minfo[39m: [32mServer is running on port 3000[39m
2024-05-16 18:16:42:1642 [32minfo[39m: [32mBerhasil terhubung ke database mongoDB[39m
2024-05-16 18:16:42:1642 [31merror[39m: [31mEmail tidak terdaftar.[39m
2024-05-16 18:16:42:1642 [31merror[39m: [31mEmail tidak terdaftar.[39m
2024-05-16 18:16:42:1642 [31merror[39m: [31mEmail tidak terdaftar.[39m
2024-05-16 18:17:13:1713 [32minfo[39m: [32mServer is running on port 3000[39m
2024-05-16 18:17:13:1713 [32minfo[39m: [32mBerhasil terhubung ke database mongoDB[39m
2024-05-16 18:17:14:1714 [31merror[39m: [31mEmail tidak terdaftar.[39m
2024-05-16 18:18:30:1830 [32minfo[39m: [32mServer is running on port 3000[39m
2024-05-16 18:18:30:1830 [32minfo[39m: [32mBerhasil terhubung ke database mongoDB[39m
2024-05-16 18:18:45:1845 [32minfo[39m: [32mServer is running on port 3000[39m
2024-05-16 18:18:45:1845 [32minfo[39m: [32mBerhasil terhubung ke database mongoDB[39m
2024-05-16 18:19:10:1910 [31merror[39m: [31mEmail tidak terdaftar.[39m
2024-05-16 18:19:38:1938 [32minfo[39m: [32mServer is running on port 3000[39m
2024-05-16 18:19:38:1938 [32minfo[39m: [32mBerhasil terhubung ke database mongoDB[39m
2024-05-16 18:19:40:1940 [31merror[39m: [31mEmail tidak terdaftar.[39m
2024-05-16 18:19:47:1947 [32minfo[39m: [32mServer is running on port 3000[39m
2024-05-16 18:19:47:1947 [32minfo[39m: [32mBerhasil terhubung ke database mongoDB[39m
2024-05-16 18:19:52:1952 [32minfo[39m: [32mServer is running on port 3000[39m
2024-05-16 18:19:52:1952 [32minfo[39m: [32mBerhasil terhubung ke database mongoDB[39m
2024-05-16 18:20:00:200 [32minfo[39m: [32mServer is running on port 3000[39m
2024-05-16 18:20:00:200 [32minfo[39m: [32mBerhasil terhubung ke database mongoDB[39m
2024-05-16 18:20:01:201 [31merror[39m: [31m<ref *2> ServerResponse {[39m
[31m  _events: [Object: null prototype] { finish: [Function: bound resOnFinish] },[39m
[31m  _eventsCount: 1,[39m
[31m  _maxListeners: undefined,[39m
[31m  outputData: [],[39m
[31m  outputSize: 0,[39m
[31m  writable: true,[39m
[31m  destroyed: false,[39m
[31m  _last: false,[39m
[31m  chunkedEncoding: false,[39m
[31m  shouldKeepAlive: true,[39m
[31m  maxRequestsOnConnectionReached: false,[39m
[31m  _defaultKeepAlive: true,[39m
[31m  useChunkedEncodingByDefault: true,[39m
[31m  sendDate: true,[39m
[31m  _removedConnection: false,[39m
[31m  _removedContLen: false,[39m
[31m  _removedTE: false,[39m
[31m  strictContentLength: false,[39m
[31m  _contentLength: null,[39m
[31m  _hasBody: true,[39m
[31m  _trailer: '',[39m
[31m  finished: false,[39m
[31m  _headerSent: false,[39m
[31m  _closed: false,[39m
[31m  socket: <ref *1> Socket {[39m
[31m    connecting: false,[39m
[31m    _hadError: false,[39m
[31m    _parent: null,[39m
[31m    _host: null,[39m
[31m    _closeAfterHandlingError: false,[39m
[31m    _events: {[39m
[31m      close: [Array],[39m
[31m      error: [Function: socketOnError],[39m
[31m      prefinish: undefined,[39m
[31m      finish: undefined,[39m
[31m      drain: [Function: bound socketOnDrain],[39m
[31m      data: [Function: bound socketOnData],[39m
[31m      end: [Array],[39m
[31m      readable: undefined,[39m
[31m      timeout: [Function: socketOnTimeout],[39m
[31m      resume: [Function: onSocketResume],[39m
[31m      pause: [Function: onSocketPause][39m
[31m    },[39m
[31m    _readableState: ReadableState {[39m
[31m      highWaterMark: 16384,[39m
[31m      buffer: [],[39m
[31m      bufferIndex: 0,[39m
[31m      length: 0,[39m
[31m      pipes: [],[39m
[31m      awaitDrainWriters: null,[39m
[31m      [Symbol(kState)]: 193997060[39m
[31m    },[39m
[31m    _writableState: WritableState {[39m
[31m      highWaterMark: 16384,[39m
[31m      length: 0,[39m
[31m      corked: 0,[39m
[31m      onwrite: [Function: bound onwrite],[39m
[31m      writelen: 0,[39m
[31m      bufferedIndex: 0,[39m
[31m      pendingcb: 0,[39m
[31m      [Symbol(kState)]: 17563908,[39m
[31m      [Symbol(kBufferedValue)]: null,[39m
[31m      [Symbol(kWriteCbValue)]: [Function: bound onFinish],[39m
[31m      [Symbol(kAfterWriteTickInfoValue)]: null[39m
[31m    },[39m
[31m    allowHalfOpen: true,[39m
[31m    _maxListeners: undefined,[39m
[31m    _eventsCount: 8,[39m
[31m    _sockname: null,[39m
[31m    _pendingData: null,[39m
[31m    _pendingEncoding: '',[39m
[31m    server: Server {[39m
[31m      maxHeaderSize: undefined,[39m
[31m      insecureHTTPParser: undefined,[39m
[31m      requestTimeout: 300000,[39m
[31m      headersTimeout: 60000,[39m
[31m      keepAliveTimeout: 5000,[39m
[31m      connectionsCheckingInterval: 30000,[39m
[31m      requireHostHeader: true,[39m
[31m      joinDuplicateHeaders: undefined,[39m
[31m      rejectNonStandardBodyWrites: false,[39m
[31m      _events: [Object: null prototype],[39m
[31m      _eventsCount: 4,[39m
[31m      _maxListeners: undefined,[39m
[31m      _connections: 1,[39m
[31m      _handle: [TCP],[39m
[31m      _usingWorkers: false,[39m
[31m      _workers: [],[39m
[31m      _unref: false,[39m
[31m      allowHalfOpen: true,[39m
[31m      pauseOnConnect: false,[39m
[31m      noDelay: true,[39m
[31m      keepAlive: false,[39m
[31m      keepAliveInitialDelay: 0,[39m
[31m      highWaterMark: 16384,[39m
[31m      httpAllowHalfOpen: false,[39m
[31m      timeout: 0,[39m
[31m      maxHeadersCount: null,[39m
[31m      maxRequestsPerSocket: 0,[39m
[31m      _connectionKey: '6::::3000',[39m
[31m      [Symbol(IncomingMessage)]: [Function: IncomingMessage],[39m
[31m      [Symbol(ServerResponse)]: [Function: ServerResponse],[39m
[31m      [Symbol(shapeMode)]: false,[39m
[31m      [Symbol(kCapture)]: false,[39m
[31m      [Symbol(async_id_symbol)]: 22,[39m
[31m      [Symbol(kUniqueHeaders)]: null,[39m
[31m      [Symbol(http.server.connections)]: ConnectionsList {},[39m
[31m      [Symbol(http.server.connectionsCheckingInterval)]: Timeout {[39m
[31m        _idleTimeout: 30000,[39m
[31m        _idlePrev: [TimersList],[39m
[31m        _idleNext: [TimersList],[39m
[31m        _idleStart: 808,[39m
[31m        _onTimeout: [Function: bound checkConnections],[39m
[31m        _timerArgs: undefined,[39m
[31m        _repeat: 30000,[39m
[31m        _destroyed: false,[39m
[31m        [Symbol(refed)]: false,[39m
[31m        [Symbol(kHasPrimitive)]: false,[39m
[31m        [Symbol(asyncId)]: 25,[39m
[31m        [Symbol(triggerId)]: 23[39m
[31m      }[39m
[31m    },[39m
[31m    _server: Server {[39m
[31m      maxHeaderSize: undefined,[39m
[31m      insecureHTTPParser: undefined,[39m
[31m      requestTimeout: 300000,[39m
[31m      headersTimeout: 60000,[39m
[31m      keepAliveTimeout: 5000,[39m
[31m      connectionsCheckingInterval: 30000,[39m
[31m      requireHostHeader: true,[39m
[31m      joinDuplicateHeaders: undefined,[39m
[31m      rejectNonStandardBodyWrites: false,[39m
[31m      _events: [Object: null prototype],[39m
[31m      _eventsCount: 4,[39m
[31m      _maxListeners: undefined,[39m
[31m      _connections: 1,[39m
[31m      _handle: [TCP],[39m
[31m      _usingWorkers: false,[39m
[31m      _workers: [],[39m
[31m      _unref: false,[39m
[31m      allowHalfOpen: true,[39m
[31m      pauseOnConnect: false,[39m
[31m      noDelay: true,[39m
[31m      keepAlive: false,[39m
[31m      keepAliveInitialDelay: 0,[39m
[31m      highWaterMark: 16384,[39m
[31m      httpAllowHalfOpen: false,[39m
[31m      timeout: 0,[39m
[31m      maxHeadersCount: null,[39m
[31m      maxRequestsPerSocket: 0,[39m
[31m      _connectionKey: '6::::3000',[39m
[31m      [Symbol(IncomingMessage)]: [Function: IncomingMessage],[39m
[31m      [Symbol(ServerResponse)]: [Function: ServerResponse],[39m
[31m      [Symbol(shapeMode)]: false,[39m
[31m      [Symbol(kCapture)]: false,[39m
[31m      [Symbol(async_id_symbol)]: 22,[39m
[31m      [Symbol(kUniqueHeaders)]: null,[39m
[31m      [Symbol(http.server.connections)]: ConnectionsList {},[39m
[31m      [Symbol(http.server.connectionsCheckingInterval)]: Timeout {[39m
[31m        _idleTimeout: 30000,[39m
[31m        _idlePrev: [TimersList],[39m
[31m        _idleNext: [TimersList],[39m
[31m        _idleStart: 808,[39m
[31m        _onTimeout: [Function: bound checkConnections],[39m
[31m        _timerArgs: undefined,[39m
[31m        _repeat: 30000,[39m
[31m        _destroyed: false,[39m
[31m        [Symbol(refed)]: false,[39m
[31m        [Symbol(kHasPrimitive)]: false,[39m
[31m        [Symbol(asyncId)]: 25,[39m
[31m        [Symbol(triggerId)]: 23[39m
[31m      }[39m
[31m    },[39m
[31m    parser: HTTPParser {[39m
[31m      '0': null,[39m
[31m      '1': [Function: parserOnHeaders],[39m
[31m      '2': [Function: parserOnHeadersComplete],[39m
[31m      '3': [Function: parserOnBody],[39m
[31m      '4': [Function: parserOnMessageComplete],[39m
[31m      '5': [Function: bound onParserExecute],[39m
[31m      '6': [Function: bound onParserTimeout],[39m
[31m      _headers: [],[39m
[31m      _url: '',[39m
[31m      socket: [Circular *1],[39m
[31m      incoming: [IncomingMessage],[39m
[31m      outgoing: null,[39m
[31m      maxHeaderPairs: 2000,[39m
[31m      _consumed: true,[39m
[31m      onIncoming: [Function: bound parserOnIncoming],[39m
[31m      joinDuplicateHeaders: null,[39m
[31m      [Symbol(resource_symbol)]: [HTTPServerAsyncResource][39m
[31m    },[39m
[31m    on: [Function: socketListenerWrap],[39m
[31m    addListener: [Function: socketListenerWrap],[39m
[31m    prependListener: [Function: socketListenerWrap],[39m
[31m    setEncoding: [Function: socketSetEncoding],[39m
[31m    _paused: false,[39m
[31m    _httpMessage: [Circular *2],[39m
[31m    timeout: 0,[39m
[31m    [Symbol(async_id_symbol)]: 160,[39m
[31m    [Symbol(kHandle)]: TCP {[39m
[31m      reading: true,[39m
[31m      onconnection: null,[39m
[31m      _consumed: true,[39m
[31m      [Symbol(owner_symbol)]: [Circular *1][39m
[31m    },[39m
[31m    [Symbol(lastWriteQueueSize)]: 0,[39m
[31m    [Symbol(timeout)]: Timeout {[39m
[31m      _idleTimeout: -1,[39m
[31m      _idlePrev: null,[39m
[31m      _idleNext: null,[39m
[31m      _idleStart: 1888,[39m
[31m      _onTimeout: null,[39m
[31m      _timerArgs: undefined,[39m
[31m      _repeat: null,[39m
[31m      _destroyed: true,[39m
[31m      [Symbol(refed)]: false,[39m
[31m      [Symbol(kHasPrimitive)]: false,[39m
[31m      [Symbol(asyncId)]: 168,[39m
[31m      [Symbol(triggerId)]: 164[39m
[31m    },[39m
[31m    [Symbol(kBuffer)]: null,[39m
[31m    [Symbol(kBufferCb)]: null,[39m
[31m    [Symbol(kBufferGen)]: null,[39m
[31m    [Symbol(shapeMode)]: true,[39m
[31m    [Symbol(kCapture)]: false,[39m
[31m    [Symbol(kSetNoDelay)]: true,[39m
[31m    [Symbol(kSetKeepAlive)]: false,[39m
[31m    [Symbol(kSetKeepAliveInitialDelay)]: 0,[39m
[31m    [Symbol(kBytesRead)]: 0,[39m
[31m    [Symbol(kBytesWritten)]: 0[39m
[31m  },[39m
[31m  _header: null,[39m
[31m  _keepAliveTimeout: 5000,[39m
[31m  _onPendingData: [Function: bound updateOutgoingData],[39m
[31m  req: IncomingMessage {[39m
[31m    _events: {[39m
[31m      close: undefined,[39m
[31m      error: undefined,[39m
[31m      data: undefined,[39m
[31m      end: undefined,[39m
[31m      readable: undefined,[39m
[31m      aborted: undefined[39m
[31m    },[39m
[31m    _readableState: ReadableState {[39m
[31m      highWaterMark: 16384,[39m
[31m      buffer: [],[39m
[31m      bufferIndex: 0,[39m
[31m      length: 0,[39m
[31m      pipes: [],[39m
[31m      awaitDrainWriters: null,[39m
[31m      [Symbol(kState)]: 60295036[39m
[31m    },[39m
[31m    _maxListeners: undefined,[39m
[31m    socket: <ref *1> Socket {[39m
[31m      connecting: false,[39m
[31m      _hadError: false,[39m
[31m      _parent: null,[39m
[31m      _host: null,[39m
[31m      _closeAfterHandlingError: false,[39m
[31m      _events: [Object],[39m
[31m      _readableState: [ReadableState],[39m
[31m      _writableState: [WritableState],[39m
[31m      allowHalfOpen: true,[39m
[31m      _maxListeners: undefined,[39m
[31m      _eventsCount: 8,[39m
[31m      _sockname: null,[39m
[31m      _pendingData: null,[39m
[31m      _pendingEncoding: '',[39m
[31m      server: [Server],[39m
[31m      _server: [Server],[39m
[31m      parser: [HTTPParser],[39m
[31m      on: [Function: socketListenerWrap],[39m
[31m      addListener: [Function: socketListenerWrap],[39m
[31m      prependListener: [Function: socketListenerWrap],[39m
[31m      setEncoding: [Function: socketSetEncoding],[39m
[31m      _paused: false,[39m
[31m      _httpMessage: [Circular *2],[39m
[31m      timeout: 0,[39m
[31m      [Symbol(async_id_symbol)]: 160,[39m
[31m      [Symbol(kHandle)]: [TCP],[39m
[31m      [Symbol(lastWriteQueueSize)]: 0,[39m
[31m      [Symbol(timeout)]: Timeout {[39m
[31m        _idleTimeout: -1,[39m
[31m        _idlePrev: null,[39m
[31m        _idleNext: null,[39m
[31m        _idleStart: 1888,[39m
[31m        _onTimeout: null,[39m
[31m        _timerArgs: undefined,[39m
[31m        _repeat: null,[39m
[31m        _destroyed: true,[39m
[31m        [Symbol(refed)]: false,[39m
[31m        [Symbol(kHasPrimitive)]: false,[39m
[31m        [Symbol(asyncId)]: 168,[39m
[31m        [Symbol(triggerId)]: 164[39m
[31m      },[39m
[31m      [Symbol(kBuffer)]: null,[39m
[31m      [Symbol(kBufferCb)]: null,[39m
[31m      [Symbol(kBufferGen)]: null,[39m
[31m      [Symbol(shapeMode)]: true,[39m
[31m      [Symbol(kCapture)]: false,[39m
[31m      [Symbol(kSetNoDelay)]: true,[39m
[31m      [Symbol(kSetKeepAlive)]: false,[39m
[31m      [Symbol(kSetKeepAliveInitialDelay)]: 0,[39m
[31m      [Symbol(kBytesRead)]: 0,[39m
[31m      [Symbol(kBytesWritten)]: 0[39m
[31m    },[39m
[31m    httpVersionMajor: 1,[39m
[31m    httpVersionMinor: 1,[39m
[31m    httpVersion: '1.1',[39m
[31m    complete: true,[39m
[31m    rawHeaders: [[39m
[31m      'Host',[39m
[31m      'localhost:3000',[39m
[31m      'Connection',[39m
[31m      'keep-alive',[39m
[31m      'Content-Length',[39m
[31m      '40',[39m
[31m      'sec-ch-ua',[39m
[31m      '"Chromium";v="124", "Google Chrome";v="124", "Not-A.Brand";v="99"',[39m
[31m      'Accept',[39m
[31m      'application/json, text/plain, */*',[39m
[31m      'Content-Type',[39m
[31m      'application/json',[39m
[31m      'sec-ch-ua-mobile',[39m
[31m      '?0',[39m
[31m      'User-Agent',[39m
[31m      'Mozilla/5.0 (Windows NT 10.0; Win64; x64) AppleWebKit/537.36 (KHTML, like Gecko) Chrome/124.0.0.0 Safari/537.36',[39m
[31m      'sec-ch-ua-platform',[39m
[31m      '"Windows"',[39m
[31m      'Origin',[39m
[31m      'http://localhost:5173',[39m
[31m      'Sec-Fetch-Site',[39m
[31m      'same-site',[39m
[31m      'Sec-Fetch-Mode',[39m
[31m      'cors',[39m
[31m      'Sec-Fetch-Dest',[39m
[31m      'empty',[39m
[31m      'Referer',[39m
[31m      'http://localhost:5173/',[39m
[31m      'Accept-Encoding',[39m
[31m      'gzip, deflate, br, zstd',[39m
[31m      'Accept-Language',[39m
[31m      'en-US,en;q=0.9,id;q=0.8'[39m
[31m    ],[39m
[31m    rawTrailers: [],[39m
[31m    joinDuplicateHeaders: null,[39m
[31m    aborted: false,[39m
[31m    upgrade: false,[39m
[31m    url: '/signin',[39m
[31m    method: 'POST',[39m
[31m    statusCode: null,[39m
[31m    statusMessage: null,[39m
[31m    client: <ref *1> Socket {[39m
[31m      connecting: false,[39m
[31m      _hadError: false,[39m
[31m      _parent: null,[39m
[31m      _host: null,[39m
[31m      _closeAfterHandlingError: false,[39m
[31m      _events: [Object],[39m
[31m      _readableState: [ReadableState],[39m
[31m      _writableState: [WritableState],[39m
[31m      allowHalfOpen: true,[39m
[31m      _maxListeners: undefined,[39m
[31m      _eventsCount: 8,[39m
[31m      _sockname: null,[39m
[31m      _pendingData: null,[39m
[31m      _pendingEncoding: '',[39m
[31m      server: [Server],[39m
[31m      _server: [Server],[39m
[31m      parser: [HTTPParser],[39m
[31m      on: [Function: socketListenerWrap],[39m
[31m      addListener: [Function: socketListenerWrap],[39m
[31m      prependListener: [Function: socketListenerWrap],[39m
[31m      setEncoding: [Function: socketSetEncoding],[39m
[31m      _paused: false,[39m
[31m      _httpMessage: [Circular *2],[39m
[31m      timeout: 0,[39m
[31m      [Symbol(async_id_symbol)]: 160,[39m
[31m      [Symbol(kHandle)]: [TCP],[39m
[31m      [Symbol(lastWriteQueueSize)]: 0,[39m
[31m      [Symbol(timeout)]: Timeout {[39m
[31m        _idleTimeout: -1,[39m
[31m        _idlePrev: null,[39m
[31m        _idleNext: null,[39m
[31m        _idleStart: 1888,[39m
[31m        _onTimeout: null,[39m
[31m        _timerArgs: undefined,[39m
[31m        _repeat: null,[39m
[31m        _destroyed: true,[39m
[31m        [Symbol(refed)]: false,[39m
[31m        [Symbol(kHasPrimitive)]: false,[39m
[31m        [Symbol(asyncId)]: 168,[39m
[31m        [Symbol(triggerId)]: 164[39m
[31m      },[39m
[31m      [Symbol(kBuffer)]: null,[39m
[31m      [Symbol(kBufferCb)]: null,[39m
[31m      [Symbol(kBufferGen)]: null,[39m
[31m      [Symbol(shapeMode)]: true,[39m
[31m      [Symbol(kCapture)]: false,[39m
[31m      [Symbol(kSetNoDelay)]: true,[39m
[31m      [Symbol(kSetKeepAlive)]: false,[39m
[31m      [Symbol(kSetKeepAliveInitialDelay)]: 0,[39m
[31m      [Symbol(kBytesRead)]: 0,[39m
[31m      [Symbol(kBytesWritten)]: 0[39m
[31m    },[39m
[31m    _consuming: true,[39m
[31m    _dumped: false,[39m
[31m    next: [Function: next],[39m
[31m    baseUrl: '/admin',[39m
[31m    originalUrl: '/admin/signin',[39m
[31m    _parsedUrl: Url {[39m
[31m      protocol: null,[39m
[31m      slashes: null,[39m
[31m      auth: null,[39m
[31m      host: null,[39m
[31m      port: null,[39m
[31m      hostname: null,[39m
[31m      hash: null,[39m
[31m      search: null,[39m
[31m      query: null,[39m
[31m      pathname: '/signin',[39m
[31m      path: '/signin',[39m
[31m      href: '/signin',[39m
[31m      _raw: '/signin'[39m
[31m    },[39m
[31m    params: {},[39m
[31m    query: {},[39m
[31m    res: [Circular *2],[39m
[31m    body: { username: '', email: '', password: '' },[39m
[31m    _body: true,[39m
[31m    length: undefined,[39m
[31m    _eventsCount: 0,[39m
[31m    route: Route { path: '/signin', stack: [Array], methods: [Object] },[39m
[31m    'express-validator#contexts': [ [Context] ],[39m
[31m    [Symbol(shapeMode)]: true,[39m
[31m    [Symbol(kCapture)]: false,[39m
[31m    [Symbol(kHeaders)]: {[39m
[31m      host: 'localhost:3000',[39m
[31m      connection: 'keep-alive',[39m
[31m      'content-length': '40',[39m
[31m      'sec-ch-ua': '"Chromium";v="124", "Google Chrome";v="124", "Not-A.Brand";v="99"',[39m
[31m      accept: 'application/json, text/plain, */*',[39m
[31m      'content-type': 'application/json',[39m
[31m      'sec-ch-ua-mobile': '?0',[39m
[31m      'user-agent': 'Mozilla/5.0 (Windows NT 10.0; Win64; x64) AppleWebKit/537.36 (KHTML, like Gecko) Chrome/124.0.0.0 Safari/537.36',[39m
[31m      'sec-ch-ua-platform': '"Windows"',[39m
[31m      origin: 'http://localhost:5173',[39m
[31m      'sec-fetch-site': 'same-site',[39m
[31m      'sec-fetch-mode': 'cors',[39m
[31m      'sec-fetch-dest': 'empty',[39m
[31m      referer: 'http://localhost:5173/',[39m
[31m      'accept-encoding': 'gzip, deflate, br, zstd',[39m
[31m      'accept-language': 'en-US,en;q=0.9,id;q=0.8'[39m
[31m    },[39m
[31m    [Symbol(kHeadersCount)]: 32,[39m
[31m    [Symbol(kTrailers)]: null,[39m
[31m    [Symbol(kTrailersCount)]: 0[39m
[31m  },[39m
[31m  _sent100: false,[39m
[31m  _expect_continue: false,[39m
[31m  _maxRequestsPerSocket: 0,[39m
[31m  locals: [Object: null prototype] {},[39m
[31m  [Symbol(shapeMode)]: false,[39m
[31m  [Symbol(kCapture)]: false,[39m
[31m  [Symbol(kBytesWritten)]: 0,[39m
[31m  [Symbol(kNeedDrain)]: false,[39m
[31m  [Symbol(corked)]: 0,[39m
[31m  [Symbol(kOutHeaders)]: [Object: null prototype] {[39m
[31m    'x-powered-by': [ 'X-Powered-By', 'Express' ],[39m
[31m    'access-control-allow-origin': [ 'Access-Control-Allow-Origin', '*' ][39m
[31m  },[39m
[31m  [Symbol(errored)]: null,[39m
[31m  [Symbol(kHighWaterMark)]: 16384,[39m
[31m  [Symbol(kRejectNonStandardBodyWrites)]: false,[39m
[31m  [Symbol(kUniqueHeaders)]: null[39m
[31m}[39m
2024-05-16 18:20:16:2016 [32minfo[39m: [32mServer is running on port 3000[39m
2024-05-16 18:20:16:2016 [32minfo[39m: [32mBerhasil terhubung ke database mongoDB[39m
2024-05-16 18:20:18:2018 [31merror[39m: [31mEmail tidak terdaftar.[39m
2024-05-16 18:20:24:2024 [32minfo[39m: [32mServer is running on port 3000[39m
2024-05-16 18:20:24:2024 [32minfo[39m: [32mBerhasil terhubung ke database mongoDB[39m
2024-05-16 18:20:24:2024 [31merror[39m: [31mEmail tidak terdaftar.[39m
2024-05-16 18:20:30:2030 [32minfo[39m: [32mServer is running on port 3000[39m
2024-05-16 18:20:30:2030 [32minfo[39m: [32mBerhasil terhubung ke database mongoDB[39m
2024-05-16 18:20:31:2031 [31merror[39m: [31mEmail tidak terdaftar.[39m
2024-05-16 18:20:36:2036 [32minfo[39m: [32mServer is running on port 3000[39m
2024-05-16 18:20:36:2036 [32minfo[39m: [32mBerhasil terhubung ke database mongoDB[39m
2024-05-16 18:20:37:2037 [31merror[39m: [31mEmail tidak terdaftar.[39m
2024-05-16 18:21:20:2120 [32minfo[39m: [32mServer is running on port 3000[39m
2024-05-16 18:21:20:2120 [32minfo[39m: [32mBerhasil terhubung ke database mongoDB[39m
2024-05-16 18:21:23:2123 [32minfo[39m: [32mServer is running on port 3000[39m
2024-05-16 18:21:23:2123 [32minfo[39m: [32mBerhasil terhubung ke database mongoDB[39m
2024-05-16 18:22:11:2211 [32minfo[39m: [32mServer is running on port 3000[39m
2024-05-16 18:22:11:2211 [32minfo[39m: [32mBerhasil terhubung ke database mongoDB[39m
2024-05-16 18:22:47:2247 [32minfo[39m: [32mServer is running on port 3000[39m
2024-05-16 18:22:47:2247 [32minfo[39m: [32mBerhasil terhubung ke database mongoDB[39m
2024-05-16 18:22:49:2249 [31merror[39m: [31mEmail tidak terdaftar.[39m
2024-05-16 18:23:07:237 [32minfo[39m: [32mServer is running on port 3000[39m
2024-05-16 18:23:07:237 [32minfo[39m: [32mBerhasil terhubung ke database mongoDB[39m
2024-05-16 18:23:13:2313 [32minfo[39m: [32mLogin Success[39m
2024-05-16 18:23:52:2352 [32minfo[39m: [32mServer is running on port 3000[39m
2024-05-16 18:23:52:2352 [32minfo[39m: [32mBerhasil terhubung ke database mongoDB[39m
2024-05-16 18:24:01:241 [32minfo[39m: [32m[object Object] Login Success[39m
2024-05-16 18:24:18:2418 [32minfo[39m: [32mServer is running on port 3000[39m
2024-05-16 18:24:18:2418 [32minfo[39m: [32mBerhasil terhubung ke database mongoDB[39m
2024-05-16 18:24:28:2428 [32minfo[39m: [32madmin Login Success[39m
2024-05-16 18:24:51:2451 [32minfo[39m: [32mServer is running on port 3000[39m
2024-05-16 18:24:51:2451 [32minfo[39m: [32mBerhasil terhubung ke database mongoDB[39m
2024-05-16 18:24:57:2457 [32minfo[39m: [32madmin@gmail.com Login Success[39m
2024-05-16 18:26:45:2645 [32minfo[39m: [32mServer is running on port 3000[39m
2024-05-16 18:26:45:2645 [32minfo[39m: [32mBerhasil terhubung ke database mongoDB[39m
2024-05-16 18:26:49:2649 [32minfo[39m: [32msuccess get list customer[39m
2024-05-16 18:26:52:2652 [32minfo[39m: [32msuccess get list customer[39m
2024-05-16 18:27:13:2713 [32minfo[39m: [32mServer is running on port 3000[39m
2024-05-16 18:27:13:2713 [32minfo[39m: [32mBerhasil terhubung ke database mongoDB[39m
2024-05-16 18:27:20:2720 [32minfo[39m: [32msuccess get list customer[39m
2024-05-16 18:27:27:2727 [32minfo[39m: [32mServer is running on port 3000[39m
2024-05-16 18:27:27:2727 [32minfo[39m: [32mBerhasil terhubung ke database mongoDB[39m
2024-05-16 18:28:43:2843 [32minfo[39m: [32mServer is running on port 3000[39m
2024-05-16 18:28:43:2843 [32minfo[39m: [32mBerhasil terhubung ke database mongoDB[39m
2024-05-16 18:29:59:2959 [32minfo[39m: [32mServer is running on port 3000[39m
2024-05-16 18:29:59:2959 [32minfo[39m: [32mBerhasil terhubung ke database mongoDB[39m
2024-05-16 18:30:39:3039 [32minfo[39m: [32mServer is running on port 3000[39m
2024-05-16 18:30:39:3039 [32minfo[39m: [32mBerhasil terhubung ke database mongoDB[39m
2024-05-16 18:30:59:3059 [32minfo[39m: [32mServer is running on port 3000[39m
2024-05-16 18:30:59:3059 [32minfo[39m: [32mBerhasil terhubung ke database mongoDB[39m
2024-05-16 18:31:55:3155 [32minfo[39m: [32mServer is running on port 3000[39m
2024-05-16 18:31:55:3155 [32minfo[39m: [32mBerhasil terhubung ke database mongoDB[39m
2024-05-16 18:32:16:3216 [32minfo[39m: [32mServer is running on port 3000[39m
2024-05-16 18:32:16:3216 [32minfo[39m: [32mBerhasil terhubung ke database mongoDB[39m
2024-05-16 18:33:00:330 [32minfo[39m: [32mServer is running on port 3000[39m
2024-05-16 18:33:00:330 [32minfo[39m: [32mBerhasil terhubung ke database mongoDB[39m
2024-05-16 18:33:26:3326 [32minfo[39m: [32mServer is running on port 3000[39m
2024-05-16 18:33:27:3327 [32minfo[39m: [32mBerhasil terhubung ke database mongoDB[39m
2024-05-16 18:33:57:3357 [32minfo[39m: [32mServer is running on port 3000[39m
2024-05-16 18:33:57:3357 [32minfo[39m: [32mBerhasil terhubung ke database mongoDB[39m
2024-05-16 18:33:59:3359 [32minfo[39m: [32msuccess get list customer[39m
2024-05-16 18:33:59:3359 [32minfo[39m: [32msuccess get list transaction[39m
2024-05-16 18:34:00:340 [32minfo[39m: [32msuccess get list customer[39m
2024-05-16 18:34:11:3411 [32minfo[39m: [32msuccess get list transaction[39m
2024-05-16 18:34:11:3411 [32minfo[39m: [32msuccess get list customer[39m
2024-05-16 18:34:12:3412 [32minfo[39m: [32msuccess get list customer[39m
2024-05-16 18:34:13:3413 [32minfo[39m: [32msuccess get list customer[39m
2024-05-16 18:34:13:3413 [32minfo[39m: [32msuccess get list transaction[39m
2024-05-16 18:34:51:3451 [32minfo[39m: [32mServer is running on port 3000[39m
2024-05-16 18:34:51:3451 [32minfo[39m: [32mBerhasil terhubung ke database mongoDB[39m
2024-05-16 18:34:52:3452 [32minfo[39m: [32msuccess get list customer[39m
2024-05-16 18:34:53:3453 [32minfo[39m: [32msuccess get list item[39m
2024-05-16 18:34:54:3454 [32minfo[39m: [32msuccess get list item[39m
2024-05-16 18:34:54:3454 [32minfo[39m: [32msuccess get list customer[39m
2024-05-16 18:34:54:3454 [32minfo[39m: [32msuccess get list transaction[39m
2024-05-16 18:39:08:398 [32minfo[39m: [32mServer is running on port 3000[39m
2024-05-16 18:39:08:398 [32minfo[39m: [32mBerhasil terhubung ke database mongoDB[39m
2024-05-16 18:39:15:3915 [32minfo[39m: [32msuccess get list customer[39m
2024-05-16 18:39:15:3915 [35mhttp[39m: [35m::1 GET /customer/?limit=2 304 - - 15.358 ms[39m
[35m[39m
2024-05-16 18:39:20:3920 [32minfo[39m: [32msuccess get list item[39m
2024-05-16 18:39:20:3920 [35mhttp[39m: [35m::1 GET /item/?limit=2 304 - - 11.204 ms[39m
[35m[39m
2024-05-16 18:39:20:3920 [32minfo[39m: [32msuccess get list item[39m
2024-05-16 18:39:20:3920 [35mhttp[39m: [35m::1 GET /item 304 - - 15.013 ms[39m
[35m[39m
2024-05-16 18:39:20:3920 [32minfo[39m: [32msuccess get list customer[39m
2024-05-16 18:39:20:3920 [35mhttp[39m: [35m::1 GET /customer 304 - - 15.640 ms[39m
[35m[39m
2024-05-16 18:39:20:3920 [32minfo[39m: [32msuccess get list transaction[39m
2024-05-16 18:39:20:3920 [35mhttp[39m: [35m::1 GET /transaction/?limit=2 304 - - 21.363 ms[39m
[35m[39m
2024-05-16 18:39:39:3939 [32minfo[39m: [32madmin@gmail.com Login Success[39m
2024-05-16 18:39:39:3939 [35mhttp[39m: [35m::1 POST /admin/signin 200 257 - 84.759 ms[39m
[35m[39m
2024-05-16 18:39:39:3939 [32minfo[39m: [32msuccess get list customer[39m
2024-05-16 18:39:39:3939 [35mhttp[39m: [35m::1 GET /customer 304 - - 21.370 ms[39m
[35m[39m
2024-05-16 18:39:39:3939 [32minfo[39m: [32msuccess get list item[39m
2024-05-16 18:39:39:3939 [35mhttp[39m: [35m::1 GET /item 304 - - 20.515 ms[39m
[35m[39m
2024-05-16 18:39:39:3939 [32minfo[39m: [32msuccess get list transaction[39m
2024-05-16 18:39:39:3939 [35mhttp[39m: [35m::1 GET /transaction/?limit=2 304 - - 22.146 ms[39m
[35m[39m
2024-05-16 18:39:51:3951 [32minfo[39m: [32msuccess get list item[39m
2024-05-16 18:39:51:3951 [35mhttp[39m: [35m::1 GET /item/?limit=2 304 - - 7.229 ms[39m
[35m[39m
2024-05-16 18:42:03:423 [32minfo[39m: [32mServer is running on port 3000[39m
2024-05-16 18:42:03:423 [32minfo[39m: [32mBerhasil terhubung ke database mongoDB[39m
2024-05-16 18:42:07:427 [32minfo[39m: [32msuccess get list customer[39m
2024-05-16 18:42:07:427 [35mhttp[39m: [35m::1 GET /customer/?limit=2 304 - - 15.985 ms[39m
[35m[39m
2024-05-16 18:42:16:4216 [32minfo[39m: [32msuccess get list customer[39m
2024-05-16 18:42:16:4216 [35mhttp[39m: [35m::1 GET /customer/?limit=10 200 67 - 5.482 ms[39m
[35m[39m
2024-05-16 18:42:20:4220 [32minfo[39m: [32msuccess get list item[39m
2024-05-16 18:42:20:4220 [35mhttp[39m: [35m::1 GET /item/?limit=2 304 - - 10.183 ms[39m
[35m[39m
2024-05-16 18:42:23:4223 [32minfo[39m: [32msuccess get list item[39m
2024-05-16 18:42:23:4223 [35mhttp[39m: [35m::1 GET /item/?limit=10 200 1422 - 5.558 ms[39m
[35m[39m
2024-05-16 18:42:25:4225 [32minfo[39m: [32msuccess get item detail[39m
2024-05-16 18:42:25:4225 [35mhttp[39m: [35m::1 GET /item/664385764c0711085e0ce824 200 185 - 6.314 ms[39m
[35m[39m
2024-05-16 18:42:31:4231 [32minfo[39m: [32msuccess update item[39m
2024-05-16 18:42:31:4231 [35mhttp[39m: [35m::1 PUT /item/664385764c0711085e0ce824 200 186 - 14.737 ms[39m
[35m[39m
2024-05-16 18:42:31:4231 [32minfo[39m: [32msuccess get list item[39m
2024-05-16 18:42:31:4231 [35mhttp[39m: [35m::1 GET /item/?limit=2 304 - - 7.544 ms[39m
[35m[39m
2024-05-16 18:58:32:5832 [32minfo[39m: [32mServer is running on port 3000[39m
2024-05-16 18:58:32:5832 [32minfo[39m: [32mBerhasil terhubung ke database mongoDB[39m
2024-05-16 19:05:05:55 [32minfo[39m: [32mServer is running on port 3000[39m
2024-05-16 19:05:05:55 [32minfo[39m: [32mBerhasil terhubung ke database mongoDB[39m
2024-05-16 19:05:47:547 [32minfo[39m: [32mServer is running on port 3000[39m
2024-05-16 19:05:47:547 [32minfo[39m: [32mBerhasil terhubung ke database mongoDB[39m
2024-05-16 19:06:07:67 [32minfo[39m: [32msuccess get list item[39m
2024-05-16 19:06:07:67 [35mhttp[39m: [35m::1 GET /item/?limit=2 304 - - 34.787 ms[39m
[35m[39m
2024-05-16 19:06:08:68 [32minfo[39m: [32msuccess get list customer[39m
2024-05-16 19:06:08:68 [35mhttp[39m: [35m::1 GET /customer/?limit=2 304 - - 5.478 ms[39m
[35m[39m
2024-05-16 19:06:17:617 [32minfo[39m: [32msuccess create new customer[39m
2024-05-16 19:06:17:617 [35mhttp[39m: [35m::1 POST /customer/ 201 186 - 37.154 ms[39m
[35m[39m
2024-05-16 19:06:17:617 [31merror[39m: [31mE11000 duplicate key error collection: laundryv3.customers index: code_1 dup key: { code: "CUS-001" }[39m
2024-05-16 19:06:17:617 [35mhttp[39m: [35m::1 POST /customer/ 400 60 - 35.250 ms[39m
[35m[39m
2024-05-16 19:06:18:618 [32minfo[39m: [32msuccess get list customer[39m
2024-05-16 19:06:18:618 [35mhttp[39m: [35m::1 GET /customer/?limit=2 200 253 - 9.563 ms[39m
[35m[39m
2024-05-16 19:06:20:620 [32minfo[39m: [32msuccess get list customer[39m
2024-05-16 19:06:20:620 [35mhttp[39m: [35m::1 GET /customer 200 253 - 17.377 ms[39m
[35m[39m
2024-05-16 19:06:20:620 [32minfo[39m: [32msuccess get list item[39m
2024-05-16 19:06:20:620 [35mhttp[39m: [35m::1 GET /item 200 1423 - 18.296 ms[39m
[35m[39m
2024-05-16 19:06:20:620 [32minfo[39m: [32msuccess get list transaction[39m
2024-05-16 19:06:20:620 [35mhttp[39m: [35m::1 GET /transaction/?limit=2 304 - - 21.267 ms[39m
[35m[39m
2024-05-16 19:06:30:630 [31merror[39m: [31mFailed to send WhatsApp message: The 'To' number whatsapp:undefined is not a valid phone number.[39m
2024-05-16 19:06:30:630 [31merror[39m: [31mThe 'To' number whatsapp:undefined is not a valid phone number.[39m
2024-05-16 19:06:30:630 [35mhttp[39m: [35m::1 POST /transaction 500 58 - 1884.950 ms[39m
[35m[39m
2024-05-16 19:06:32:632 [31merror[39m: [31mFailed to send WhatsApp message: The 'To' number whatsapp:undefined is not a valid phone number.[39m
2024-05-16 19:06:32:632 [31merror[39m: [31mThe 'To' number whatsapp:undefined is not a valid phone number.[39m
2024-05-16 19:06:32:632 [35mhttp[39m: [35m::1 POST /transaction 500 58 - 787.651 ms[39m
[35m[39m
2024-05-16 19:10:22:1022 [32minfo[39m: [32mServer is running on port 3000[39m
2024-05-16 19:10:22:1022 [32minfo[39m: [32mBerhasil terhubung ke database mongoDB[39m
2024-05-16 19:10:31:1031 [31merror[39m: [31mFailed to send WhatsApp message: Twilio could not find a Channel with the specified From address[39m
2024-05-16 19:10:31:1031 [31merror[39m: [31mTwilio could not find a Channel with the specified From address[39m
2024-05-16 19:10:31:1031 [35mhttp[39m: [35m::1 POST /transaction 500 58 - 1608.179 ms[39m
[35m[39m
2024-05-16 19:11:17:1117 [32minfo[39m: [32mServer is running on port 3000[39m
2024-05-16 19:11:17:1117 [32minfo[39m: [32mBerhasil terhubung ke database mongoDB[39m
2024-05-16 19:11:32:1132 [32minfo[39m: [32mServer is running on port 3000[39m
2024-05-16 19:11:32:1132 [32minfo[39m: [32mBerhasil terhubung ke database mongoDB[39m
2024-05-16 19:12:11:1211 [32minfo[39m: [32mServer is running on port 3000[39m
2024-05-16 19:12:11:1211 [32minfo[39m: [32mBerhasil terhubung ke database mongoDB[39m
2024-05-16 19:12:44:1244 [31merror[39m: [31mFailed to send WhatsApp message: Twilio could not find a Channel with the specified From address[39m
2024-05-16 19:12:44:1244 [31merror[39m: [31mTwilio could not find a Channel with the specified From address[39m
2024-05-16 19:12:44:1244 [35mhttp[39m: [35m::1 POST /transaction 500 58 - 1530.442 ms[39m
[35m[39m
2024-05-16 19:13:38:1338 [31merror[39m: [31mFailed to send WhatsApp message: Twilio could not find a Channel with the specified From address[39m
2024-05-16 19:13:38:1338 [31merror[39m: [31mTwilio could not find a Channel with the specified From address[39m
2024-05-16 19:13:38:1338 [35mhttp[39m: [35m::1 POST /transaction 500 58 - 807.734 ms[39m
[35m[39m
2024-05-16 19:26:34:2634 [32minfo[39m: [32mServer is running on port 3000[39m
2024-05-16 19:26:34:2634 [32minfo[39m: [32mBerhasil terhubung ke database mongoDB[39m
2024-05-16 19:28:11:2811 [32minfo[39m: [32mWhatsApp message sent: SM1b39cf046de53958fff95074eec43617[39m
2024-05-16 19:28:11:2811 [32minfo[39m: [32msuccess create new transaction[39m
2024-05-16 19:28:12:2812 [35mhttp[39m: [35m::1 POST /transaction 201 451 - 2184.844 ms[39m
[35m[39m
2024-05-16 19:28:12:2812 [32minfo[39m: [32msuccess get list customer[39m
2024-05-16 19:28:12:2812 [35mhttp[39m: [35m::1 GET /customer 304 - - 30.525 ms[39m
[35m[39m
2024-05-16 19:28:12:2812 [32minfo[39m: [32msuccess get list item[39m
2024-05-16 19:28:12:2812 [35mhttp[39m: [35m::1 GET /item 304 - - 33.367 ms[39m
[35m[39m
2024-05-16 19:28:12:2812 [32minfo[39m: [32msuccess get list transaction[39m
2024-05-16 19:28:12:2812 [35mhttp[39m: [35m::1 GET /transaction/?limit=2 200 960 - 33.137 ms[39m
[35m[39m
2024-05-16 19:28:56:2856 [32minfo[39m: [32mWhatsApp message sent: SMd9ef686e52ea1b04a4b339ce15d15ccc[39m
2024-05-16 19:28:56:2856 [32minfo[39m: [32msuccess create new transaction[39m
2024-05-16 19:28:56:2856 [35mhttp[39m: [35m::1 POST /transaction 201 451 - 864.338 ms[39m
[35m[39m
2024-05-16 19:28:56:2856 [32minfo[39m: [32mWhatsApp message sent: SM671927069119b5dd9fa4912f26700694[39m
2024-05-16 19:28:56:2856 [32minfo[39m: [32msuccess create new transaction[39m
2024-05-16 19:28:56:2856 [31merror[39m: [31mE11000 duplicate key error collection: laundryv3.transactions index: code_1 dup key: { code: "TRX-007" }[39m
2024-05-16 19:28:56:2856 [35mhttp[39m: [35m::1 POST /transaction 400 60 - 916.299 ms[39m
[35m[39m
2024-05-16 19:28:57:2857 [32minfo[39m: [32msuccess get list customer[39m
2024-05-16 19:28:57:2857 [35mhttp[39m: [35m::1 GET /customer 304 - - 54.469 ms[39m
[35m[39m
2024-05-16 19:28:57:2857 [32minfo[39m: [32msuccess get list item[39m
2024-05-16 19:28:57:2857 [35mhttp[39m: [35m::1 GET /item 304 - - 60.055 ms[39m
[35m[39m
2024-05-16 19:28:57:2857 [32minfo[39m: [32msuccess get list transaction[39m
2024-05-16 19:28:57:2857 [35mhttp[39m: [35m::1 GET /transaction/?limit=2 200 960 - 99.516 ms[39m
[35m[39m
2024-05-16 19:30:54:3054 [32minfo[39m: [32mWhatsApp message sent: SM684a35e52cc33c2e6068d52af6c1375c[39m
2024-05-16 19:30:54:3054 [32minfo[39m: [32msuccess create new transaction[39m
2024-05-16 19:30:54:3054 [35mhttp[39m: [35m::1 POST /transaction 201 446 - 1375.462 ms[39m
[35m[39m
2024-05-16 19:30:55:3055 [32minfo[39m: [32mWhatsApp message sent: SMe386b667c8913c2df168c26daf3555ff[39m
2024-05-16 19:30:55:3055 [32minfo[39m: [32msuccess create new transaction[39m
2024-05-16 19:30:55:3055 [31merror[39m: [31mE11000 duplicate key error collection: laundryv3.transactions index: code_1 dup key: { code: "TRX-008" }[39m
2024-05-16 19:30:55:3055 [35mhttp[39m: [35m::1 POST /transaction 400 60 - 1497.849 ms[39m
[35m[39m
2024-05-16 19:30:55:3055 [32minfo[39m: [32msuccess get list customer[39m
2024-05-16 19:30:55:3055 [35mhttp[39m: [35m::1 GET /customer 304 - - 39.579 ms[39m
[35m[39m
2024-05-16 19:30:55:3055 [32minfo[39m: [32msuccess get list item[39m
2024-05-16 19:30:55:3055 [35mhttp[39m: [35m::1 GET /item 304 - - 56.596 ms[39m
[35m[39m
2024-05-16 19:30:55:3055 [32minfo[39m: [32msuccess get list transaction[39m
2024-05-16 19:30:55:3055 [35mhttp[39m: [35m::1 GET /transaction/?limit=2 200 960 - 60.420 ms[39m
[35m[39m
2024-05-16 19:31:15:3115 [32minfo[39m: [32mWhatsApp message sent: SM22a27d22d4d4b584f9f634a26ee71abd[39m
2024-05-16 19:31:15:3115 [32minfo[39m: [32msuccess create new transaction[39m
2024-05-16 19:31:15:3115 [35mhttp[39m: [35m::1 POST /transaction 201 452 - 859.101 ms[39m
[35m[39m
2024-05-16 19:31:15:3115 [32minfo[39m: [32msuccess get list customer[39m
2024-05-16 19:31:15:3115 [35mhttp[39m: [35m::1 GET /customer 304 - - 50.394 ms[39m
[35m[39m
2024-05-16 19:31:15:3115 [32minfo[39m: [32msuccess get list item[39m
2024-05-16 19:31:15:3115 [35mhttp[39m: [35m::1 GET /item 304 - - 60.451 ms[39m
[35m[39m
2024-05-16 19:31:15:3115 [32minfo[39m: [32msuccess get list transaction[39m
2024-05-16 19:31:15:3115 [35mhttp[39m: [35m::1 GET /transaction/?limit=2 200 960 - 62.283 ms[39m
[35m[39m
2024-05-16 19:34:37:3437 [32minfo[39m: [32mServer is running on port 3000[39m
2024-05-16 19:34:37:3437 [32minfo[39m: [32mBerhasil terhubung ke database mongoDB[39m
2024-05-16 19:34:41:3441 [32minfo[39m: [32msuccess get list customer[39m
2024-05-16 19:34:41:3441 [35mhttp[39m: [35m::1 GET /customer/?limit=2 304 - - 37.166 ms[39m
[35m[39m
2024-05-16 19:34:44:3444 [32minfo[39m: [32msuccess get list customer[39m
2024-05-16 19:34:44:3444 [35mhttp[39m: [35m::1 GET /customer 304 - - 35.068 ms[39m
[35m[39m
2024-05-16 19:34:44:3444 [32minfo[39m: [32msuccess get list item[39m
2024-05-16 19:34:44:3444 [35mhttp[39m: [35m::1 GET /item 304 - - 37.966 ms[39m
[35m[39m
2024-05-16 19:34:44:3444 [32minfo[39m: [32msuccess get list transaction[39m
2024-05-16 19:34:44:3444 [35mhttp[39m: [35m::1 GET /transaction/?limit=2 304 - - 50.018 ms[39m
[35m[39m
2024-05-16 19:34:52:3452 [31merror[39m: [31mCannot read properties of undefined (reading 'service')[39m
2024-05-16 19:34:52:3452 [35mhttp[39m: [35m::1 POST /transaction 500 58 - 38.209 ms[39m
[35m[39m
2024-05-16 19:34:54:3454 [31merror[39m: [31mCannot read properties of undefined (reading 'service')[39m
2024-05-16 19:34:54:3454 [35mhttp[39m: [35m::1 POST /transaction 500 58 - 19.627 ms[39m
[35m[39m
2024-05-16 19:35:16:3516 [32minfo[39m: [32mServer is running on port 3000[39m
2024-05-16 19:35:16:3516 [32minfo[39m: [32mBerhasil terhubung ke database mongoDB[39m
2024-05-16 19:35:21:3521 [32minfo[39m: [32mWhatsApp message sent: SM3a5be4d465ae999c9f373ce47b004dca[39m
2024-05-16 19:35:21:3521 [32minfo[39m: [32msuccess create new transaction[39m
2024-05-16 19:35:21:3521 [35mhttp[39m: [35m::1 POST /transaction 201 451 - 1875.853 ms[39m
[35m[39m
2024-05-16 19:35:22:3522 [32minfo[39m: [32msuccess get list customer[39m
2024-05-16 19:35:22:3522 [35mhttp[39m: [35m::1 GET /customer 304 - - 48.996 ms[39m
[35m[39m
2024-05-16 19:35:22:3522 [32minfo[39m: [32msuccess get list item[39m
2024-05-16 19:35:22:3522 [35mhttp[39m: [35m::1 GET /item 304 - - 75.729 ms[39m
[35m[39m
2024-05-16 19:35:22:3522 [32minfo[39m: [32msuccess get list transaction[39m
2024-05-16 19:35:22:3522 [35mhttp[39m: [35m::1 GET /transaction/?limit=2 200 961 - 101.447 ms[39m
[35m[39m
2024-05-16 19:38:26:3826 [32minfo[39m: [32mServer is running on port 3000[39m
2024-05-16 19:38:26:3826 [32minfo[39m: [32mBerhasil terhubung ke database mongoDB[39m
2024-05-16 19:38:45:3845 [32minfo[39m: [32mServer is running on port 3000[39m
2024-05-16 19:38:45:3845 [32minfo[39m: [32mBerhasil terhubung ke database mongoDB[39m
2024-05-16 19:38:56:3856 [31merror[39m: [31mmoment is not defined[39m
2024-05-16 19:38:56:3856 [35mhttp[39m: [35m::1 POST /transaction 500 58 - 49.051 ms[39m
[35m[39m
2024-05-16 19:38:57:3857 [31merror[39m: [31mmoment is not defined[39m
2024-05-16 19:38:57:3857 [35mhttp[39m: [35m::1 POST /transaction 500 58 - 10.657 ms[39m
[35m[39m
2024-05-16 19:39:09:399 [32minfo[39m: [32mServer is running on port 3000[39m
2024-05-16 19:39:09:399 [32minfo[39m: [32mBerhasil terhubung ke database mongoDB[39m
2024-05-16 19:39:12:3912 [32minfo[39m: [32mWhatsApp message sent: SMee8b4052ac2cb4a2d7bb2556262da907[39m
2024-05-16 19:39:12:3912 [32minfo[39m: [32msuccess create new transaction[39m
2024-05-16 19:39:12:3912 [35mhttp[39m: [35m::1 POST /transaction 201 452 - 1473.221 ms[39m
[35m[39m
2024-05-16 19:39:13:3913 [32minfo[39m: [32msuccess get list customer[39m
2024-05-16 19:39:13:3913 [35mhttp[39m: [35m::1 GET /customer 304 - - 23.791 ms[39m
[35m[39m
2024-05-16 19:39:13:3913 [32minfo[39m: [32msuccess get list item[39m
2024-05-16 19:39:13:3913 [35mhttp[39m: [35m::1 GET /item 304 - - 55.164 ms[39m
[35m[39m
2024-05-16 19:39:13:3913 [32minfo[39m: [32msuccess get list transaction[39m
2024-05-16 19:39:13:3913 [35mhttp[39m: [35m::1 GET /transaction/?limit=2 200 961 - 82.463 ms[39m
[35m[39m
2024-05-16 19:39:42:3942 [32minfo[39m: [32mServer is running on port 3000[39m
2024-05-16 19:39:42:3942 [32minfo[39m: [32mBerhasil terhubung ke database mongoDB[39m
2024-05-16 19:39:50:3950 [32minfo[39m: [32mServer is running on port 3000[39m
2024-05-16 19:39:50:3950 [32minfo[39m: [32mBerhasil terhubung ke database mongoDB[39m
2024-05-16 19:40:01:401 [32minfo[39m: [32mServer is running on port 3000[39m
2024-05-16 19:40:01:401 [32minfo[39m: [32mBerhasil terhubung ke database mongoDB[39m
2024-05-16 19:40:12:4012 [32minfo[39m: [32mWhatsApp message sent: SM154a562a99434379a1697da365ef92e0[39m
2024-05-16 19:40:12:4012 [32minfo[39m: [32msuccess create new transaction[39m
2024-05-16 19:40:12:4012 [35mhttp[39m: [35m::1 POST /transaction 201 453 - 1634.064 ms[39m
[35m[39m
2024-05-16 19:40:13:4013 [32minfo[39m: [32msuccess get list customer[39m
2024-05-16 19:40:13:4013 [35mhttp[39m: [35m::1 GET /customer 304 - - 61.946 ms[39m
[35m[39m
2024-05-16 19:40:13:4013 [32minfo[39m: [32msuccess get list item[39m
2024-05-16 19:40:13:4013 [35mhttp[39m: [35m::1 GET /item 304 - - 80.462 ms[39m
[35m[39m
2024-05-16 19:40:13:4013 [32minfo[39m: [32msuccess get list transaction[39m
2024-05-16 19:40:13:4013 [35mhttp[39m: [35m::1 GET /transaction/?limit=2 200 961 - 100.076 ms[39m
[35m[39m
2024-05-16 19:41:08:418 [32minfo[39m: [32mServer is running on port 3000[39m
2024-05-16 19:41:08:418 [32minfo[39m: [32mBerhasil terhubung ke database mongoDB[39m
2024-05-16 19:41:24:4124 [32minfo[39m: [32mWhatsApp message sent: SM82d24d7b970d40c000d6ea9f4890833a[39m
2024-05-16 19:41:24:4124 [32minfo[39m: [32msuccess create new transaction[39m
2024-05-16 19:41:24:4124 [35mhttp[39m: [35m::1 POST /transaction 201 446 - 1898.361 ms[39m
[35m[39m
2024-05-16 19:41:25:4125 [32minfo[39m: [32msuccess get list customer[39m
2024-05-16 19:41:25:4125 [35mhttp[39m: [35m::1 GET /customer 304 - - 91.689 ms[39m
[35m[39m
2024-05-16 19:41:25:4125 [32minfo[39m: [32msuccess get list item[39m
2024-05-16 19:41:25:4125 [35mhttp[39m: [35m::1 GET /item 304 - - 126.616 ms[39m
[35m[39m
2024-05-16 19:41:25:4125 [32minfo[39m: [32msuccess get list transaction[39m
2024-05-16 19:41:25:4125 [35mhttp[39m: [35m::1 GET /transaction/?limit=2 200 961 - 154.254 ms[39m
[35m[39m
2024-05-16 19:41:57:4157 [32minfo[39m: [32mServer is running on port 3000[39m
2024-05-16 19:41:57:4157 [32minfo[39m: [32mBerhasil terhubung ke database mongoDB[39m
2024-05-16 19:42:12:4212 [32minfo[39m: [32mServer is running on port 3000[39m
2024-05-16 19:42:12:4212 [32minfo[39m: [32mBerhasil terhubung ke database mongoDB[39m
2024-05-16 19:42:20:4220 [32minfo[39m: [32mWhatsApp message sent: SM6eac9e238baac936fddda5a1565b8f13[39m
2024-05-16 19:42:20:4220 [32minfo[39m: [32msuccess create new transaction[39m
2024-05-16 19:42:20:4220 [35mhttp[39m: [35m::1 POST /transaction 201 452 - 1274.655 ms[39m
[35m[39m
2024-05-16 19:42:21:4221 [32minfo[39m: [32msuccess get list customer[39m
2024-05-16 19:42:21:4221 [35mhttp[39m: [35m::1 GET /customer 304 - - 53.390 ms[39m
[35m[39m
2024-05-16 19:42:21:4221 [32minfo[39m: [32msuccess get list item[39m
2024-05-16 19:42:21:4221 [35mhttp[39m: [35m::1 GET /item 304 - - 71.956 ms[39m
[35m[39m
2024-05-16 19:42:21:4221 [32minfo[39m: [32msuccess get list transaction[39m
2024-05-16 19:42:21:4221 [35mhttp[39m: [35m::1 GET /transaction/?limit=2 200 961 - 84.711 ms[39m
[35m[39m
2024-05-16 19:43:34:4334 [32minfo[39m: [32mServer is running on port 3000[39m
2024-05-16 19:43:34:4334 [32minfo[39m: [32mBerhasil terhubung ke database mongoDB[39m
2024-05-16 19:43:46:4346 [31merror[39m: [31morderCode is not defined[39m
2024-05-16 19:43:46:4346 [35mhttp[39m: [35m::1 POST /transaction 500 58 - 39.369 ms[39m
[35m[39m
2024-05-16 19:43:48:4348 [31merror[39m: [31morderCode is not defined[39m
2024-05-16 19:43:48:4348 [35mhttp[39m: [35m::1 POST /transaction 500 58 - 29.570 ms[39m
[35m[39m
2024-05-16 19:44:14:4414 [32minfo[39m: [32mServer is running on port 3000[39m
2024-05-16 19:44:14:4414 [32minfo[39m: [32mBerhasil terhubung ke database mongoDB[39m
2024-05-16 19:44:16:4416 [32minfo[39m: [32mWhatsApp message sent: SMd4988b6dcaf86fb95e88bc1da239c3f8[39m
2024-05-16 19:44:16:4416 [32minfo[39m: [32msuccess create new transaction[39m
2024-05-16 19:44:16:4416 [32minfo[39m: [32mWhatsApp message sent: SMd5028e35623b458c96e965c3b354e59a[39m
2024-05-16 19:44:16:4416 [32minfo[39m: [32msuccess create new transaction[39m
2024-05-16 19:44:16:4416 [35mhttp[39m: [35m::1 POST /transaction 201 452 - 2042.362 ms[39m
[35m[39m
2024-05-16 19:44:16:4416 [31merror[39m: [31mE11000 duplicate key error collection: laundryv3.transactions index: code_1 dup key: { code: "TRX-015" }[39m
2024-05-16 19:44:16:4416 [35mhttp[39m: [35m::1 POST /transaction 400 60 - 2037.114 ms[39m
[35m[39m
2024-05-16 19:44:17:4417 [32minfo[39m: [32msuccess get list customer[39m
2024-05-16 19:44:17:4417 [35mhttp[39m: [35m::1 GET /customer 304 - - 49.200 ms[39m
[35m[39m
2024-05-16 19:44:17:4417 [32minfo[39m: [32msuccess get list item[39m
2024-05-16 19:44:17:4417 [35mhttp[39m: [35m::1 GET /item 304 - - 117.906 ms[39m
[35m[39m
2024-05-16 19:44:17:4417 [32minfo[39m: [32msuccess get list transaction[39m
2024-05-16 19:44:17:4417 [35mhttp[39m: [35m::1 GET /transaction/?limit=2 200 961 - 178.439 ms[39m
[35m[39m
2024-05-16 19:45:06:456 [32minfo[39m: [32mServer is running on port 3000[39m
2024-05-16 19:45:06:456 [32minfo[39m: [32mBerhasil terhubung ke database mongoDB[39m
2024-05-16 19:45:14:4514 [32minfo[39m: [32msuccess get list customer[39m
2024-05-16 19:45:14:4514 [35mhttp[39m: [35m::1 GET /customer/?limit=2 304 - - 32.056 ms[39m
[35m[39m
2024-05-16 19:45:16:4516 [32minfo[39m: [32msuccess get list customer[39m
2024-05-16 19:45:16:4516 [35mhttp[39m: [35m::1 GET /customer 304 - - 35.473 ms[39m
[35m[39m
2024-05-16 19:45:16:4516 [32minfo[39m: [32msuccess get list transaction[39m
2024-05-16 19:45:16:4516 [35mhttp[39m: [35m::1 GET /transaction/?limit=2 304 - - 42.097 ms[39m
[35m[39m
2024-05-16 19:45:16:4516 [32minfo[39m: [32msuccess get list item[39m
2024-05-16 19:45:16:4516 [35mhttp[39m: [35m::1 GET /item 304 - - 45.288 ms[39m
[35m[39m
2024-05-16 19:45:25:4525 [32minfo[39m: [32mWhatsApp message sent: SM556361253830e655b026e2362da06847[39m
2024-05-16 19:45:25:4525 [32minfo[39m: [32msuccess create new transaction[39m
2024-05-16 19:45:25:4525 [35mhttp[39m: [35m::1 POST /transaction 201 451 - 1707.779 ms[39m
[35m[39m
2024-05-16 19:45:26:4526 [32minfo[39m: [32msuccess get list customer[39m
2024-05-16 19:45:26:4526 [35mhttp[39m: [35m::1 GET /customer 304 - - 18.677 ms[39m
[35m[39m
2024-05-16 19:45:26:4526 [32minfo[39m: [32msuccess get list item[39m
2024-05-16 19:45:26:4526 [35mhttp[39m: [35m::1 GET /item 304 - - 33.701 ms[39m
[35m[39m
2024-05-16 19:45:26:4526 [32minfo[39m: [32msuccess get list transaction[39m
2024-05-16 19:45:26:4526 [35mhttp[39m: [35m::1 GET /transaction/?limit=2 200 961 - 34.210 ms[39m
[35m[39m
2024-05-16 19:46:00:460 [32minfo[39m: [32mServer is running on port 3000[39m
2024-05-16 19:46:00:460 [32minfo[39m: [32mBerhasil terhubung ke database mongoDB[39m
2024-05-16 19:46:18:4618 [32minfo[39m: [32mWhatsApp message sent: SM535c988c4e107866030306787273a41f[39m
2024-05-16 19:46:18:4618 [32minfo[39m: [32msuccess create new transaction[39m
2024-05-16 19:46:18:4618 [35mhttp[39m: [35m::1 POST /transaction 201 447 - 1368.123 ms[39m
[35m[39m
2024-05-16 19:46:18:4618 [32minfo[39m: [32msuccess get list customer[39m
2024-05-16 19:46:18:4618 [35mhttp[39m: [35m::1 GET /customer 304 - - 40.746 ms[39m
[35m[39m
2024-05-16 19:46:18:4618 [32minfo[39m: [32msuccess get list item[39m
2024-05-16 19:46:18:4618 [35mhttp[39m: [35m::1 GET /item 304 - - 33.989 ms[39m
[35m[39m
2024-05-16 19:46:18:4618 [32minfo[39m: [32msuccess get list transaction[39m
2024-05-16 19:46:18:4618 [35mhttp[39m: [35m::1 GET /transaction/?limit=2 200 961 - 38.065 ms[39m
[35m[39m
2024-05-16 19:46:59:4659 [32minfo[39m: [32mServer is running on port 3000[39m
2024-05-16 19:46:59:4659 [32minfo[39m: [32mBerhasil terhubung ke database mongoDB[39m
2024-05-16 19:56:00:560 [32minfo[39m: [32mServer is running on port 3000[39m
2024-05-16 19:56:00:560 [32minfo[39m: [32mBerhasil terhubung ke database mongoDB[39m
2024-05-16 19:57:50:5750 [32minfo[39m: [32mServer is running on port 3000[39m
2024-05-16 19:57:50:5750 [32minfo[39m: [32mBerhasil terhubung ke database mongoDB[39m
2024-05-16 19:58:06:586 [32minfo[39m: [32mWhatsApp message sent: SMa48357907725a5969b96d8c4431336ae[39m
2024-05-16 19:58:06:586 [32minfo[39m: [32msuccess create new transaction[39m
2024-05-16 19:58:06:586 [35mhttp[39m: [35m::1 POST /transaction 201 452 - 1784.851 ms[39m
[35m[39m
2024-05-16 19:58:07:587 [32minfo[39m: [32msuccess get list customer[39m
2024-05-16 19:58:07:587 [35mhttp[39m: [35m::1 GET /customer 304 - - 26.072 ms[39m
[35m[39m
2024-05-16 19:58:07:587 [32minfo[39m: [32msuccess get list item[39m
2024-05-16 19:58:07:587 [35mhttp[39m: [35m::1 GET /item 304 - - 35.054 ms[39m
[35m[39m
2024-05-16 19:58:07:587 [32minfo[39m: [32msuccess get list transaction[39m
2024-05-16 19:58:07:587 [35mhttp[39m: [35m::1 GET /transaction/?limit=2 200 961 - 57.706 ms[39m
[35m[39m
